<?xml version="1.0" encoding="UTF-8"?>
<!-- Generated by org.testng.reporters.JUnitXMLReporter -->
<testsuite hostname="Meenu-PC" failures="3" tests="8" name="Test in firefox browser" time="133.519" errors="0" timestamp="8 Aug 2022 17:15:18 GMT">
  <testcase classname="practice.Demo1" name="loginFunctionality" time="7.919"/>
  <testcase classname="practice.Demo1" name="validateHomePageTitle" time="0.012"/>
  <testcase classname="practice.Demo1" name="validateHomePageUrl" time="0.011"/>
  <testcase classname="practice.Demo1" name="validateLogo" time="0.962"/>
  <testcase classname="practice.Demo1" name="validateUerisOnPimPAge" time="0.769">
    <failure type="java.lang.AssertionError" message="expected [true] but found [false]">
      <![CDATA[java.lang.AssertionError: expected [true] but found [false]
	at practice.Demo1.validateUerisOnPimPAge(Demo1.java:87)
	at java.base/java.util.concurrent.FutureTask.run(FutureTask.java:264)
	at java.base/java.util.concurrent.ThreadPoolExecutor.runWorker(ThreadPoolExecutor.java:1128)
	at java.base/java.util.concurrent.ThreadPoolExecutor$Worker.run(ThreadPoolExecutor.java:628)
	at java.base/java.lang.Thread.run(Thread.java:834)
... Removed 21 stack frames]]>
    </failure>
  </testcase> <!-- validateUerisOnPimPAge -->
  <testcase classname="practice.Demo1" name="createNewEmployee" time="30.516">
    <failure type="org.openqa.selenium.NoSuchElementException" message="Unable to locate element: #btnAdd
For documentation on this error, please visit: https://selenium.dev/exceptions/#no_such_element
Build info: version: &amp;apos;4.2.2&amp;apos;, revision: &amp;apos;683ccb65d6&amp;apos;
System info: host: &amp;apos;MEENU-PC&amp;apos;, ip: &amp;apos;192.168.1.4&amp;apos;, os.name: &amp;apos;Windows 7&amp;apos;, os.arch: &amp;apos;amd64&amp;apos;, os.version: &amp;apos;6.1&amp;apos;, java.version: &amp;apos;11&amp;apos;
Driver info: org.openqa.selenium.firefox.FirefoxDriver
Command: [8bf99250-a2c2-416c-a919-c3aa7e7f9f92, findElement {using=id, value=btnAdd}]
Capabilities {acceptInsecureCerts: true, browserName: firefox, browserVersion: 103.0.1, moz:accessibilityChecks: false, moz:buildID: 20220729222726, moz:debuggerAddress: localhost:50384, moz:geckodriverVersion: 0.31.0, moz:headless: false, moz:platformVersion: 6.1, moz:processID: 7712, moz:profile: C:\Users\Meenu\AppData\Loca..., moz:shutdownTimeout: 60000, moz:useNonSpecCompliantPointerOrigin: false, moz:webdriverClick: true, moz:windowless: false, pageLoadStrategy: normal, platformName: WINDOWS, proxy: Proxy(), se:cdp: ws://localhost:50384/devtoo..., se:cdpVersion: 85.0, setWindowRect: true, strictFileInteractability: false, timeouts: {implicit: 0, pageLoad: 300000, script: 30000}, unhandledPromptBehavior: dismiss and notify}
Session ID: 8bf99250-a2c2-416c-a919-c3aa7e7f9f92">
      <![CDATA[org.openqa.selenium.NoSuchElementException: Unable to locate element: #btnAdd
For documentation on this error, please visit: https://selenium.dev/exceptions/#no_such_element
Build info: version: '4.2.2', revision: '683ccb65d6'
System info: host: 'MEENU-PC', ip: '192.168.1.4', os.name: 'Windows 7', os.arch: 'amd64', os.version: '6.1', java.version: '11'
Driver info: org.openqa.selenium.firefox.FirefoxDriver
Command: [8bf99250-a2c2-416c-a919-c3aa7e7f9f92, findElement {using=id, value=btnAdd}]
Capabilities {acceptInsecureCerts: true, browserName: firefox, browserVersion: 103.0.1, moz:accessibilityChecks: false, moz:buildID: 20220729222726, moz:debuggerAddress: localhost:50384, moz:geckodriverVersion: 0.31.0, moz:headless: false, moz:platformVersion: 6.1, moz:processID: 7712, moz:profile: C:\Users\Meenu\AppData\Loca..., moz:shutdownTimeout: 60000, moz:useNonSpecCompliantPointerOrigin: false, moz:webdriverClick: true, moz:windowless: false, pageLoadStrategy: normal, platformName: WINDOWS, proxy: Proxy(), se:cdp: ws://localhost:50384/devtoo..., se:cdpVersion: 85.0, setWindowRect: true, strictFileInteractability: false, timeouts: {implicit: 0, pageLoad: 300000, script: 30000}, unhandledPromptBehavior: dismiss and notify}
Session ID: 8bf99250-a2c2-416c-a919-c3aa7e7f9f92
	at org.openqa.selenium.remote.codec.w3c.W3CHttpResponseCodec.createException(W3CHttpResponseCodec.java:200)
	at org.openqa.selenium.remote.codec.w3c.W3CHttpResponseCodec.decode(W3CHttpResponseCodec.java:133)
	at org.openqa.selenium.remote.codec.w3c.W3CHttpResponseCodec.decode(W3CHttpResponseCodec.java:53)
	at org.openqa.selenium.remote.HttpCommandExecutor.execute(HttpCommandExecutor.java:184)
	at org.openqa.selenium.remote.service.DriverCommandExecutor.invokeExecute(DriverCommandExecutor.java:167)
	at org.openqa.selenium.remote.service.DriverCommandExecutor.execute(DriverCommandExecutor.java:142)
	at org.openqa.selenium.remote.RemoteWebDriver.execute(RemoteWebDriver.java:588)
	at org.openqa.selenium.remote.ElementLocation$ElementFinder$2.findElement(ElementLocation.java:162)
	at org.openqa.selenium.remote.ElementLocation.findElement(ElementLocation.java:60)
	at org.openqa.selenium.remote.RemoteWebDriver.findElement(RemoteWebDriver.java:406)
	at org.openqa.selenium.remote.RemoteWebDriver.findElement(RemoteWebDriver.java:398)
	at practice.Demo1.createNewEmployee(Demo1.java:96)
	at java.base/java.util.concurrent.FutureTask.run(FutureTask.java:264)
	at java.base/java.util.concurrent.ThreadPoolExecutor.runWorker(ThreadPoolExecutor.java:1128)
	at java.base/java.util.concurrent.ThreadPoolExecutor$Worker.run(ThreadPoolExecutor.java:628)
	at java.base/java.lang.Thread.run(Thread.java:834)
... Removed 20 stack frames]]>
    </failure>
  </testcase> <!-- createNewEmployee -->
  <testcase classname="practice.Demo1" name="searchEmployeeonPIMPage" time="3.564">
    <failure type="java.lang.IllegalArgumentException" message="Keys to send should be a not null CharSequence">
      <![CDATA[java.lang.IllegalArgumentException: Keys to send should be a not null CharSequence
	at org.openqa.selenium.remote.RemoteWebElement.sendKeys(RemoteWebElement.java:98)
	at practice.Demo1.searchEmployeeonPIMPage(Demo1.java:108)
	at java.base/java.util.concurrent.FutureTask.run(FutureTask.java:264)
	at java.base/java.util.concurrent.ThreadPoolExecutor.runWorker(ThreadPoolExecutor.java:1128)
	at java.base/java.util.concurrent.ThreadPoolExecutor$Worker.run(ThreadPoolExecutor.java:628)
	at java.base/java.lang.Thread.run(Thread.java:834)
... Removed 16 stack frames]]>
    </failure>
  </testcase> <!-- searchEmployeeonPIMPage -->
  <testcase classname="practice.Demo1" name="deleteUser" time="3.081"/>
</testsuite> <!-- Test in firefox browser -->
